<?xml version="1.0" encoding="UTF-8"?>
<Site BuildName="Linux-clang++-17"
	BuildStamp="20240224-0501-Experimental"
	Name="SP6"
	Generator="ctest-3.28.3"
	CompilerName="/usr/bin/clang++-17"
	CompilerVersion="17.0.6"
	OSName="Linux"
	Hostname="SP6"
	OSRelease="5.15.133.1-microsoft-standard-WSL2"
	OSVersion="#1 SMP Thu Oct 5 21:02:42 UTC 2023"
	OSPlatform="x86_64"
	Is64Bits="1"
	VendorString="GenuineIntel"
	VendorID="Intel Corporation"
	FamilyID="6"
	ModelID="142"
	ProcessorCacheSize="6144"
	NumberOfLogicalCPU="8"
	NumberOfPhysicalCPU="4"
	TotalVirtualMemory="1024"
	TotalPhysicalMemory="3919"
	LogicalProcessorsPerPhysical="2"
	ProcessorClockFrequency="1800"
	>
	<Testing>
		<StartDateTime>Feb 24 13:01 CST</StartDateTime>
		<StartTestTime>1708750883</StartTestTime>
		<TestList/>
		<EndDateTime>Feb 24 13:01 CST</EndDateTime>
		<EndTestTime>1708750883</EndTestTime>
		<ElapsedMinutes>0</ElapsedMinutes>
	</Testing>
</Site>
