<?xml version="1.0" encoding="UTF-8"?>
<Site BuildName="Linux-c++"
	BuildStamp="20240319-0257-Experimental"
	Name="tseyu"
	Generator="ctest-3.28.0"
	CompilerName="/usr/bin/c++"
	CompilerVersion="11.4.0"
	OSName="Linux"
	Hostname="tseyu"
	OSRelease="5.15.146.1-microsoft-standard-WSL2"
	OSVersion="#1 SMP Thu Jan 11 04:09:03 UTC 2024"
	OSPlatform="x86_64"
	Is64Bits="1"
	VendorString="GenuineIntel"
	VendorID="Intel Corporation"
	FamilyID="6"
	ModelID="154"
	ProcessorCacheSize="18432"
	NumberOfLogicalCPU="16"
	NumberOfPhysicalCPU="8"
	TotalVirtualMemory="2048"
	TotalPhysicalMemory="7798"
	LogicalProcessorsPerPhysical="2"
	ProcessorClockFrequency="3110.4"
	>
	<Testing>
		<StartDateTime>Mar 19 10:57 CST</StartDateTime>
		<StartTestTime>1710817059</StartTestTime>
		<TestList/>
		<EndDateTime>Mar 19 10:57 CST</EndDateTime>
		<EndTestTime>1710817059</EndTestTime>
		<ElapsedMinutes>0</ElapsedMinutes>
	</Testing>
</Site>
